proguard-project.txt
# To enable ProGuard in your project, edit project.properties
# to define the proguard.config property as described in that file.
#
# Add project specific ProGuard rules here.
# By default, the flags in this file are appended to flags specified
# in ${sdk.dir}/tools/proguard/proguard-android.txt
# You can edit the include path and order by changing the ProGuard
# include property in project.properties.
#
# For more details, see
#   http://developer.android.com/guide/developing/tools/proguard.html

# Add any project specific keep options here:

# If your project uses WebView with JS, uncomment the following
# and specify the fully qualified class name to the JavaScript interface
# class:
#-keepclassmembers class fqcn.of.javascript.interface.for.webview {
#   public *;
#}

-libraryjars 'libs/android-support-v4.jar'
-libraryjars 'libs/guice-2.0-no_aop.jar'
-libraryjars 'libs/libGoogleAnalyticsV2.jar'
-libraryjars 'libs/roboguice-2.0.jar'
-libraryjars 'libs/okhttp-3.4.1.jar'

-optimizations !code/simplification/arithmetic,!field/*,!class/merging/*
-optimizationpasses 5
-dontusemixedcaseclassnames
-dontskipnonpubliclibraryclasses
-dontpreverify
-verbose
-ignorewarnings
-renamesourcefileattribute SourceFile
-keepattributes SourceFile,LineNumberTable,*Annotation*,Signature
 
-keep public class * extends android.app.Activity
-keep public class * extends android.app.Application
-keep public class * extends android.app.Service
-keep public class * extends android.app.Fragment
-keep public class * extends android.support.v4.app.Fragment
-keep public class * extends android.content.BroadcastReceiver
-keep public class * extends android.content.ContentProvider
-keep public class * extends android.app.backup.BackupAgentHelper
-keep public class * extends android.preference.Preference
-keep public class * extends com.google.inject.AbstractModule
-keep public class com.android.vending.licensing.ILicensingService
-keep class com.google.inject.** { *; }
-keep class javax.inject.** { *; }
-keep class javax.annotation.** { *; }
-keep class roboguice.** { *; }
-keepclasseswithmembers class * { native <methods>; }
-keepclasseswithmembers class * {  
    public <init> (android.content.Context, android.util.AttributeSet); 
}
-keepclasseswithmembers class * { 
    public <init> (android.content.Context, android.util.AttributeSet, int); 
}
-keepclassmembers class * implements android.os.Parcelable { static android.os.Parcelable$Creator *; }
-keepclassmembers class **.R$* { public static <fields>; }
-keepclasseswithmembernames class * { native <methods>; }
-keepclassmembers enum * {
    public static **[] values();
    public static ** valueOf(java.lang.String);
}
-keepclassmembers class * extends android.app.Activity { 
    public void *(android.view.View); 
}
 
-keepclassmembers class * {
    void *(net.eworldui.videouploader.events.*);
}
 
-keepclassmembers,allowobfuscation class * { 
    @org.codehaus.jackson.annotate.JsonProperty <init>(...); 
    @org.codehaus.jackson.annotate.JsonIgnoreProperties <init>(...); 
    @com.google.inject.Inject <init>(...); 
    @com.google.inject.InjectResource <init>(...); 
    @com.google.inject.Inject <fields>; 
    
    public <methods>; 
} 
 
 
-keepclassmembers class * { 
    void *(**On*Event); 
}
 
-assumenosideeffects class android.util.Log {
    public static int v(...);
    public static int d(...);
    public static int w(...);
    public static int i(...);
}
 
-keepclasseswithmembers,allowshrinking class * {
    native <methods>;
}
 
-keepclasseswithmembers class * {
    public <init>(android.content.Context,android.util.AttributeSet);
}
 
-keepclasseswithmembers class * {
    public <init>(android.content.Context,android.util.AttributeSet,int);
}
 
-keepclassmembers class * extends android.app.Activity {
    public void *(android.view.View);
}
 
-keepclassmembers enum  * {
    public static **[] values();
    public static ** valueOf(java.lang.String);
}
 
-keep class * extends android.os.Parcelable {
    public static final android.os.Parcelable$Creator *;
}

# OkHttp
-keepattributes Signature
-keepattributes *Annotation*
-keep class com.squareup.okhttp.** { *; }
-keep interface com.squareup.okhttp.** { *; }
-dontwarn com.squareup.okhttp.**