proguard/seeds.txt
com.benlakey.stackcareers.BuildConfig: BuildConfig()
com.benlakey.stackcareers.InjectionModule: InjectionModule()
com.benlakey.stackcareers.InjectionModule: void configure(com.google.inject.Binder)
com.benlakey.stackcareers.JobActivity
com.benlakey.stackcareers.JobActivity: JobActivity()
com.benlakey.stackcareers.JobActivity: void onStart()
com.benlakey.stackcareers.JobActivity: void share(android.view.View)
com.benlakey.stackcareers.JobListing: JobListing()
com.benlakey.stackcareers.JobListing: java.lang.String getTitle()
com.benlakey.stackcareers.JobListing: void setTitle(java.lang.String)
com.benlakey.stackcareers.JobListing: java.lang.String getEncodedDescriptionMarkup()
com.benlakey.stackcareers.JobListing: void setEncodedDescriptionMarkup(java.lang.String)
com.benlakey.stackcareers.JobListing: java.lang.String getPostedDateTime()
com.benlakey.stackcareers.JobListing: void setPostedDateTime(java.lang.String)
com.benlakey.stackcareers.JobListing: java.lang.String getUpdatedDateTime()
com.benlakey.stackcareers.JobListing: void setUpdatedDateTime(java.lang.String)
com.benlakey.stackcareers.JobListing: java.lang.String getUri()
com.benlakey.stackcareers.JobListing: void setUri(java.lang.String)
com.benlakey.stackcareers.JobListing: java.lang.String toString()
com.benlakey.stackcareers.JobResultsActivity
com.benlakey.stackcareers.JobResultsActivity: com.benlakey.stackcareers.feed.CareerFeedClient client
com.benlakey.stackcareers.JobResultsActivity: JobResultsActivity()
com.benlakey.stackcareers.JobResultsActivity: void onStart()
com.benlakey.stackcareers.JobResultsActivity: void executeSearch()
com.benlakey.stackcareers.JobResultsActivity$1: void onItemClick(android.widget.AdapterView,android.view.View,int,long)
com.benlakey.stackcareers.JobResultsAdapter: JobResultsAdapter(android.content.Context,int,java.util.List)
com.benlakey.stackcareers.JobResultsAdapter: android.view.View getView(int,android.view.View,android.view.ViewGroup)
com.benlakey.stackcareers.MainActivity
com.benlakey.stackcareers.MainActivity: MainActivity()
com.benlakey.stackcareers.MainActivity: void onStart()
com.benlakey.stackcareers.MainActivity: void executeSearch(android.view.View)
com.benlakey.stackcareers.MainActivity$1: void onFocusChange(android.view.View,boolean)
com.benlakey.stackcareers.R: R()
com.benlakey.stackcareers.R$attr: R$attr()
com.benlakey.stackcareers.R$drawable: int careers_icon
com.benlakey.stackcareers.R$drawable: int ic_launcher
com.benlakey.stackcareers.R$drawable: R$drawable()
com.benlakey.stackcareers.R$id: int careers_icon
com.benlakey.stackcareers.R$id: int description
com.benlakey.stackcareers.R$id: int header
com.benlakey.stackcareers.R$id: int header_left
com.benlakey.stackcareers.R$id: int header_right
com.benlakey.stackcareers.R$id: int job_listing_description
com.benlakey.stackcareers.R$id: int job_listing_postedtime
com.benlakey.stackcareers.R$id: int job_listing_title
com.benlakey.stackcareers.R$id: int job_listing_updatedtime
com.benlakey.stackcareers.R$id: int job_listing_uri
com.benlakey.stackcareers.R$id: int location
com.benlakey.stackcareers.R$id: int results_label
com.benlakey.stackcareers.R$id: int search_button
com.benlakey.stackcareers.R$id: int search_progress
com.benlakey.stackcareers.R$id: int search_results
com.benlakey.stackcareers.R$id: int share_button
com.benlakey.stackcareers.R$id: int skill
com.benlakey.stackcareers.R$id: R$id()
com.benlakey.stackcareers.R$layout: int activity_job
com.benlakey.stackcareers.R$layout: int activity_jobresults
com.benlakey.stackcareers.R$layout: int activity_main
com.benlakey.stackcareers.R$layout: int result_row
com.benlakey.stackcareers.R$layout: R$layout()
...
android.support.v4.view.KeyEventCompat$BaseKeyEventVersionImpl: int normalizeMetaState(int)
android.support.v4.view.KeyEventCompat$BaseKeyEventVersionImpl: boolean metaStateHasModifiers(int,int)
android.support.v4.view.KeyEventCompat$BaseKeyEventVersionImpl: boolean metaStateHasNoModifiers(int)
android.support.v4.view.KeyEventCompat$HoneycombKeyEventVersionImpl: int normalizeMetaState(int)
android.support.v4.view.KeyEventCompat$HoneycombKeyEventVersionImpl: boolean metaStateHasModifiers(int,int)
android.support.v4.view.KeyEventCompat$HoneycombKeyEventVersionImpl: boolean metaStateHasNoModifiers(int)
android.support.v4.view.KeyEventCompat$KeyEventVersionImpl: int normalizeMetaState(int)
android.support.v4.view.KeyEventCompat$KeyEventVersionImpl: boolean metaStateHasModifiers(int,int)
android.support.v4.view.KeyEventCompat$KeyEventVersionImpl: boolean metaStateHasNoModifiers(int)
android.support.v4.view.KeyEventCompatHoneycomb: int normalizeMetaState(int)
android.support.v4.view.KeyEventCompatHoneycomb: boolean metaStateHasModifiers(int,int)
android.support.v4.view.KeyEventCompatHoneycomb: boolean metaStateHasNoModifiers(int)
android.support.v4.view.MenuCompat: MenuCompat()
android.support.v4.view.MenuCompat: boolean setShowAsAction(android.view.MenuItem,int)
android.support.v4.view.MenuCompat$BaseMenuVersionImpl: boolean setShowAsAction(android.view.MenuItem,int)
android.support.v4.view.MenuCompat$HoneycombMenuVersionImpl: boolean setShowAsAction(android.view.MenuItem,int)
android.support.v4.view.MenuCompat$MenuVersionImpl: boolean setShowAsAction(android.view.MenuItem,int)
android.support.v4.view.MenuItemCompat: MenuItemCompat()
android.support.v4.view.MenuItemCompat: boolean setShowAsAction(android.view.MenuItem,int)
android.support.v4.view.MenuItemCompat: android.view.MenuItem setActionView(android.view.MenuItem,android.view.View)
android.support.v4.view.MenuItemCompat$BaseMenuVersionImpl: boolean setShowAsAction(android.view.MenuItem,int)
android.support.v4.view.MenuItemCompat$BaseMenuVersionImpl: android.view.MenuItem setActionView(android.view.MenuItem,android.view.View)
android.support.v4.view.MenuItemCompat$HoneycombMenuVersionImpl: boolean setShowAsAction(android.view.MenuItem,int)
android.support.v4.view.MenuItemCompat$HoneycombMenuVersionImpl: android.view.MenuItem setActionView(android.view.MenuItem,android.view.View)
android.support.v4.view.MenuItemCompat$MenuVersionImpl: boolean setShowAsAction(android.view.MenuItem,int)
android.support.v4.view.MenuItemCompat$MenuVersionImpl: android.view.MenuItem setActionView(android.view.MenuItem,android.view.View)
android.support.v4.view.MenuItemCompatHoneycomb: void setShowAsAction(android.view.MenuItem,int)
android.support.v4.view.MenuItemCompatHoneycomb: android.view.MenuItem setActionView(android.view.MenuItem,android.view.View)
android.support.v4.view.MotionEventCompat: MotionEventCompat()
android.support.v4.view.MotionEventCompat: int getActionMasked(android.view.MotionEvent)
android.support.v4.view.MotionEventCompat: int getActionIndex(android.view.MotionEvent)
android.support.v4.view.MotionEventCompat: int findPointerIndex(android.view.MotionEvent,int)
android.support.v4.view.MotionEventCompat: int getPointerId(android.view.MotionEvent,int)
android.support.v4.view.MotionEventCompat: float getX(android.view.MotionEvent,int)
android.support.v4.view.MotionEventCompat: float getY(android.view.MotionEvent,int)
android.support.v4.view.MotionEventCompat: int getPointerCount(android.view.MotionEvent)