proguard/mapping.txt
com.benlakey.stackcareers.InjectionModule -> com.benlakey.stackcareers.a:
    28:29:void configure(com.google.inject.Binder) -> configure
com.benlakey.stackcareers.JobActivity -> com.benlakey.stackcareers.JobActivity:
    android.widget.TextView titleTextView -> a
    android.widget.TextView uriTextView -> b
    android.widget.TextView postedTimeTextView -> c
    android.widget.TextView updatedTimeTextView -> d
    android.widget.TextView descriptionTextView -> e
    com.benlakey.stackcareers.JobListing listing -> f
    51:67:void onCreate(android.os.Bundle) -> onCreate
    71:73:void onStart() -> onStart
    77:79:void onStop() -> onStop
    82:85:void setTitle() -> a
    88:91:void setUri() -> b
    94:97:void setPostedTime() -> c
    100:103:void setUpdatedTime() -> d
    106:111:void setDescription() -> e
    115:129:void share(android.view.View) -> share
com.benlakey.stackcareers.JobListing -> com.benlakey.stackcareers.b:
    java.lang.String title -> a
    java.lang.String encodedDescriptionMarkup -> b
    java.lang.String postedDateTime -> c
    java.lang.String updatedDateTime -> d
    java.lang.String uri -> e
    32:32:java.lang.String getTitle() -> a
    36:37:void setTitle(java.lang.String) -> a
    40:40:java.lang.String getEncodedDescriptionMarkup() -> b
    44:45:void setEncodedDescriptionMarkup(java.lang.String) -> b
    48:48:java.lang.String getPostedDateTime() -> c
    52:53:void setPostedDateTime(java.lang.String) -> c
    56:56:java.lang.String getUpdatedDateTime() -> d
    60:61:void setUpdatedDateTime(java.lang.String) -> d
    64:64:java.lang.String getUri() -> e
    68:69:void setUri(java.lang.String) -> e
    73:73:java.lang.String toString() -> toString
com.benlakey.stackcareers.JobResultsActivity -> com.benlakey.stackcareers.JobResultsActivity:
    android.widget.ListView searchResults -> b
    android.widget.ProgressBar searchProgress -> c
    android.widget.TextView resultsLabel -> d
    com.benlakey.stackcareers.feed.CareerFeedClient client -> a
    java.util.ArrayList listings -> e
    62:74:void onCreate(android.os.Bundle) -> onCreate
    78:80:void onStart() -> onStart
    84:86:void onStop() -> onStop
    90:92:void onSaveInstanceState(android.os.Bundle) -> onSaveInstanceState
    97:106:void onRestoreInstanceState(android.os.Bundle) -> onRestoreInstanceState
    110:115:void executeSearch() -> executeSearch
    119:125:com.benlakey.stackcareers.SearchQuery getQuery() -> a
    158:182:void loadNewListings(java.util.List) -> a
    156:156:void access$0(com.benlakey.stackcareers.JobResultsActivity,java.util.List) -> a
    53:53:java.util.ArrayList access$1(com.benlakey.stackcareers.JobResultsActivity) -> a
com.benlakey.stackcareers.JobResultsActivity$1 -> com.benlakey.stackcareers.c:
    com.benlakey.stackcareers.JobResultsActivity this$0 -> a
    167:171:void onItemClick(android.widget.AdapterView,android.view.View,int,long) -> onItemClick
com.benlakey.stackcareers.JobResultsActivity$SearchExecutor -> com.benlakey.stackcareers.d:
    com.benlakey.stackcareers.JobResultsActivity this$0 -> a
    134:145:java.util.List doInBackground(com.benlakey.stackcareers.SearchQuery[]) -> a
    151:152:void onPostExecute(java.util.List) -> a
    1:1:void onPostExecute(java.lang.Object) -> onPostExecute
    1:1:java.lang.Object doInBackground(java.lang.Object[]) -> doInBackground
com.benlakey.stackcareers.JobResultsAdapter -> com.benlakey.stackcareers.e:
    android.view.LayoutInflater inflater -> a
    int rowViewId -> b
    java.util.List listings -> c
    44:51:android.view.View getView(int,android.view.View,android.view.ViewGroup) -> getView
...
com.google.inject.ConstructorInjectorStore$1 -> com.google.inject.ConstructorInjectorStore$1:
    com.google.inject.ConstructorInjectorStore this$0 -> this$0
    39:39:com.google.inject.ConstructorInjector create(com.google.inject.TypeLiteral,com.google.inject.internal.Errors) -> create
    35:35:java.lang.Object create(java.lang.Object,com.google.inject.internal.Errors) -> create
com.google.inject.ContextualCallable -> com.google.inject.ContextualCallable:
    java.lang.Object call(com.google.inject.internal.InternalContext) -> call
com.google.inject.CreationException -> com.google.inject.CreationException:
    com.google.inject.internal.ImmutableSet messages -> messages
    long serialVersionUID -> serialVersionUID
    44:44:java.util.Collection getErrorMessages() -> getErrorMessages
    48:48:java.lang.String getMessage() -> getMessage
com.google.inject.DefaultConstructionProxyFactory -> com.google.inject.DefaultConstructionProxyFactory:
    com.google.inject.spi.InjectionPoint injectionPoint -> injectionPoint
    47:78:com.google.inject.ConstructionProxy create() -> create
    34:34:com.google.inject.spi.InjectionPoint access$000(com.google.inject.DefaultConstructionProxyFactory) -> access$000
com.google.inject.DefaultConstructionProxyFactory$1 -> com.google.inject.DefaultConstructionProxyFactory$1:
    java.lang.reflect.Constructor val$constructor -> val$constructor
    com.google.inject.DefaultConstructionProxyFactory this$0 -> this$0
    81:85:java.lang.Object newInstance(java.lang.Object[]) -> newInstance
    89:89:com.google.inject.spi.InjectionPoint getInjectionPoint() -> getInjectionPoint
    92:92:java.lang.reflect.Constructor getConstructor() -> getConstructor
com.google.inject.DeferredLookups -> com.google.inject.DeferredLookups:
    com.google.inject.InjectorImpl injector -> injector
    java.util.List lookups -> lookups
    44:46:void initialize(com.google.inject.internal.Errors) -> initialize
    49:51:com.google.inject.Provider getProvider(com.google.inject.Key) -> getProvider
    55:57:com.google.inject.MembersInjector getMembersInjector(com.google.inject.TypeLiteral) -> getMembersInjector
com.google.inject.EncounterImpl -> com.google.inject.EncounterImpl:
    com.google.inject.internal.Errors errors -> errors
    com.google.inject.Lookups lookups -> lookups
    java.util.List membersInjectors -> membersInjectors
    java.util.List injectionListeners -> injectionListeners
    boolean valid -> valid
    51:52:void invalidate() -> invalidate
    75:75:com.google.inject.internal.ImmutableList getMembersInjectors() -> getMembersInjectors
    81:81:com.google.inject.internal.ImmutableList getInjectionListeners() -> getInjectionListeners
    87:94:void register(com.google.inject.MembersInjector) -> register
    97:104:void register(com.google.inject.spi.InjectionListener) -> register
    107:109:void addError(java.lang.String,java.lang.Object[]) -> addError
    112:114:void addError(java.lang.Throwable) -> addError
    117:119:void addError(com.google.inject.spi.Message) -> addError
    122:123:com.google.inject.Provider getProvider(com.google.inject.Key) -> getProvider
    127:127:com.google.inject.Provider getProvider(java.lang.Class) -> getProvider
    131:132:com.google.inject.MembersInjector getMembersInjector(com.google.inject.TypeLiteral) -> getMembersInjector
    136:136:com.google.inject.MembersInjector getMembersInjector(java.lang.Class) -> getMembersInjector
com.google.inject.Exposed -> com.google.inject.Exposed:
com.google.inject.ExposedKeyFactory -> com.google.inject.ExposedKeyFactory:
    com.google.inject.Key key -> key
    com.google.inject.spi.PrivateElements privateElements -> privateElements
    com.google.inject.internal.BindingImpl delegate -> delegate
    42:54:void notify(com.google.inject.internal.Errors) -> notify
    58:58:java.lang.Object get(com.google.inject.internal.Errors,com.google.inject.internal.InternalContext,com.google.inject.spi.Dependency) -> get