proguard/usage.txt
com.benlakey.stackcareers.BuildConfig
com.benlakey.stackcareers.ExtraKey
com.benlakey.stackcareers.JobActivity:
    private static final java.lang.String SHARE_FORMAT
com.benlakey.stackcareers.JobListing:
    private static final long serialVersionUID
com.benlakey.stackcareers.JobResultsActivity:
    private static final int SEARCH_RADIUS_MILES
com.benlakey.stackcareers.R
com.benlakey.stackcareers.R$attr
com.benlakey.stackcareers.R$drawable
com.benlakey.stackcareers.R$id
com.benlakey.stackcareers.R$layout
com.benlakey.stackcareers.R$string
com.benlakey.stackcareers.feed.HttpCareerFeedClient:
    private static final int CONNECT_TIMEOUT_MILLIS
    private static final int READ_TIMEOUT_MILLIS
com.benlakey.stackcareers.feed.HttpSearchRequestBuilder:
    private static final java.lang.String DEFAULT_ENDPOINT
    private static final java.lang.String QUERY_FORMAT
...
android.support.v4.net.ConnectivityManagerCompatGingerbread
android.support.v4.net.ConnectivityManagerCompatHoneycombMR2
android.support.v4.net.ConnectivityManagerCompatJellyBean
android.support.v4.net.TrafficStatsCompat
android.support.v4.net.TrafficStatsCompat$1
android.support.v4.net.TrafficStatsCompat$BaseTrafficStatsCompatImpl
android.support.v4.net.TrafficStatsCompat$BaseTrafficStatsCompatImpl$1
android.support.v4.net.TrafficStatsCompat$BaseTrafficStatsCompatImpl$SocketTags
android.support.v4.net.TrafficStatsCompat$IcsTrafficStatsCompatImpl
android.support.v4.net.TrafficStatsCompat$TrafficStatsCompatImpl
android.support.v4.net.TrafficStatsCompatIcs
android.support.v4.os.ParcelableCompatCreatorHoneycombMR2Stub:
    22:22:ParcelableCompatCreatorHoneycombMR2Stub()
android.support.v4.util.AtomicFile
android.support.v4.util.LongSparseArray
android.support.v4.util.LruCache
android.support.v4.util.TimeUtils:
    public static final int HUNDRED_DAY_FIELD_LEN
    private static final int SECONDS_PER_MINUTE
    private static final int SECONDS_PER_HOUR
    private static final int SECONDS_PER_DAY
android.support.v4.view.AccessibilityDelegateCompatIcs:
    28:30:AccessibilityDelegateCompatIcs()
android.support.v4.view.AccessibilityDelegateCompatJellyBean:
    30:32:AccessibilityDelegateCompatJellyBean()
android.support.v4.view.GestureDetectorCompat
android.support.v4.view.GestureDetectorCompat$GestureDetectorCompatImpl
android.support.v4.view.GestureDetectorCompat$GestureDetectorCompatImplBase
android.support.v4.view.GestureDetectorCompat$GestureDetectorCompatImplBase$GestureHandler
android.support.v4.view.GestureDetectorCompat$GestureDetectorCompatImplJellybeanMr1
android.support.v4.view.KeyEventCompat$BaseKeyEventVersionImpl:
    private static final int META_MODIFIER_MASK
    private static final int META_ALL_MASK
android.support.v4.view.KeyEventCompatHoneycomb:
    24:24:KeyEventCompatHoneycomb()
android.support.v4.view.MenuCompat
android.support.v4.view.MenuCompat$BaseMenuVersionImpl
android.support.v4.view.MenuCompat$HoneycombMenuVersionImpl
android.support.v4.view.MenuCompat$MenuVersionImpl
android.support.v4.view.MenuItemCompat
android.support.v4.view.MenuItemCompat$BaseMenuVersionImpl
android.support.v4.view.MenuItemCompat$HoneycombMenuVersionImpl
android.support.v4.view.MenuItemCompat$MenuVersionImpl
android.support.v4.view.MenuItemCompatHoneycomb
android.support.v4.view.MotionEventCompat:
    public static final int ACTION_MASK
    public static final int ACTION_POINTER_DOWN
    public static final int ACTION_POINTER_UP
    public static final int ACTION_HOVER_MOVE
    public static final int ACTION_SCROLL
    public static final int ACTION_POINTER_INDEX_MASK
    public static final int ACTION_POINTER_INDEX_SHIFT
    public static final int ACTION_HOVER_ENTER
    public static final int ACTION_HOVER_EXIT
android.support.v4.view.MotionEventCompatEclair:
    24:24:MotionEventCompatEclair()
android.support.v4.view.PagerAdapter:
    public static final int POSITION_UNCHANGED
    public static final int POSITION_NONE
android.support.v4.view.PagerTabStrip:
    private static final java.lang.String TAG
    private static final int INDICATOR_HEIGHT
    private static final int MIN_PADDING_BOTTOM
    private static final int TAB_PADDING
    private static final int TAB_SPACING
    private static final int MIN_TEXT_SPACING
    private static final int FULL_UNDERLINE_HEIGHT
    private static final int MIN_STRIP_HEIGHT
android.support.v4.view.PagerTitleStrip:
    private static final java.lang.String TAG
    private static final float SIDE_ALPHA
    private static final int TEXT_SPACING
android.support.v4.view.PagerTitleStripIcs:
    26:31:PagerTitleStripIcs()
android.support.v4.view.PagerTitleStripIcs$SingleLineAllCapsTransform:
    private static final java.lang.String TAG
android.support.v4.view.VelocityTrackerCompatHoneycomb:
    24:24:VelocityTrackerCompatHoneycomb()